1 BYTE byte
1 ID t
1 ASSIGN =
1 NUM 8
1 B b
1 SC ;
2 INT int
2 ID i
2 COMMA ,
2 BOOL bool
2 ID k
2 SC ;
3 NUM 7
3 RELOP <
3 NUM 6
3 AND and
3 NUM 8
3 RELOP >=
3 NUM 1
3 OR or
3 LPAREN (
3 NUM 5
3 RELOP <=
3 NUM 4
3 AND and
3 NUM 4
3 RELOP !=
3 RPAREN )
3 OR or
3 NUM 7
3 RELOP ==
3 NUM 7
4 ID a
4 ASSIGN =
4 NUM 7
4 BINOP +
4 NUM 7
4 BINOP /
4 NUM 2
4 BINOP -
4 NUM 1
4 BINOP +
4 NUM 4
4 BINOP *
4 NUM 6
4 COMMENT //
5 ID s
5 ASSIGN =
5 STRING \\
6 WHILE while
6 LPAREN (
6 ID X
6 RELOP ==
6 ID X
6 RPAREN )
7 LBRACE {
8 IF if
8 LPAREN (
8 TRUE true
8 RELOP ==
8 FALSE false
8 RPAREN )
9 BREAK break
9 SC ;
10 ELSE else
11 CONTINUE continue
11 SC ;
13 RBRACE }
Error undefined escape sequence  
